<?xml version="1.0" encoding="UTF-8"?>
<!-- Generated by org.testng.reporters.JUnitReportReporter -->
<testsuite hostname="DESKTOP-6N1G264" failures="0" tests="1" name="com.demo.testcases.Testcase" time="166.654" errors="0" timestamp="2023-06-05T12:16:35 IST" skipped="0">
  <testcase classname="com.demo.testcases.Testcase" name="DeleteDimensiontoModel" time="166.654"/>
  <system-out/>
</testsuite> <!-- com.demo.testcases.Testcase -->
